<?xml version="1.0" encoding="UTF-8"?>
<!-- Generated by org.testng.reporters.JUnitReportReporter -->
<testsuite hostname="LENOVO-3CVDH5O" failures="0" tests="1" name="XMLresponce" time="2.878" errors="0" timestamp="2024-08-29T14:19:35 MYT" skipped="0">
  <testcase classname="XMLresponce" name="pojoToJson" time="2.878"/>
</testsuite> <!-- XMLresponce -->
