<?xml version="1.0" encoding="UTF-8"?>
<!-- Generated by org.testng.reporters.JUnitReportReporter -->
<testsuite hostname="LENOVO-3CVDH5O" failures="0" tests="1" name="OnePage" time="27.356" errors="0" timestamp="2024-09-03T20:26:37 MYT" skipped="0">
  <testcase classname="OnePage" name="postlocal" time="27.356"/>
</testsuite> <!-- OnePage -->
