<?xml version="1.0" encoding="UTF-8"?>
<!-- Generated by org.testng.reporters.JUnitReportReporter -->
<testsuite hostname="LENOVO-3CVDH5O" failures="0" tests="1" name="Getcls" time="13.674" errors="0" timestamp="2024-09-07T08:14:30 MYT" skipped="0">
  <testcase classname="Getcls" name="localhost" time="13.674"/>
</testsuite> <!-- Getcls -->
